2022-04-13 09:38:21,011 INFO    MainThread:367 [internal.py:wandb_internal():95] W&B internal server running at pid: 367, started at: 2022-04-13 09:38:21.008647
2022-04-13 09:38:21,242 DEBUG   SenderThread:367 [sender.py:send():235] send: header
2022-04-13 09:38:21,242 INFO    WriterThread:367 [datastore.py:open_for_write():77] open: /content/drive/MyDrive/groom_project2/wandb/run-20220413_093820-3gjnl0at/run-3gjnl0at.wandb
2022-04-13 09:38:21,246 DEBUG   SenderThread:367 [sender.py:send():235] send: run
2022-04-13 09:38:21,332 DEBUG   HandlerThread:367 [handler.py:handle_request():141] handle_request: check_version
2022-04-13 09:38:21,333 INFO    SenderThread:367 [dir_watcher.py:__init__():169] watching files in: /content/drive/MyDrive/groom_project2/wandb/run-20220413_093820-3gjnl0at/files
2022-04-13 09:38:21,334 INFO    SenderThread:367 [sender.py:_start_run_threads():815] run started: 3gjnl0at with start time 1649842700
2022-04-13 09:38:21,334 DEBUG   SenderThread:367 [sender.py:send():235] send: summary
2022-04-13 09:38:21,337 INFO    SenderThread:367 [sender.py:_save_file():947] saving file wandb-summary.json with policy end
2022-04-13 09:38:21,338 DEBUG   SenderThread:367 [sender.py:send_request():249] send_request: check_version
2022-04-13 09:38:21,398 DEBUG   HandlerThread:367 [handler.py:handle_request():141] handle_request: run_start
2022-04-13 09:38:22,338 INFO    Thread-7  :367 [dir_watcher.py:_on_file_created():217] file/dir created: /content/drive/MyDrive/groom_project2/wandb/run-20220413_093820-3gjnl0at/files/wandb-summary.json
2022-04-13 09:38:23,582 DEBUG   HandlerThread:367 [meta.py:__init__():37] meta init
2022-04-13 09:38:23,582 DEBUG   HandlerThread:367 [meta.py:__init__():51] meta init done
2022-04-13 09:38:23,582 DEBUG   HandlerThread:367 [meta.py:probe():211] probe
2022-04-13 09:38:23,590 DEBUG   HandlerThread:367 [git.py:repo():33] git repository is invalid
2022-04-13 09:38:23,590 DEBUG   HandlerThread:367 [meta.py:_save_pip():55] save pip
2022-04-13 09:38:23,593 DEBUG   HandlerThread:367 [meta.py:_save_pip():69] save pip done
2022-04-13 09:38:23,594 DEBUG   HandlerThread:367 [meta.py:probe():249] probe done
2022-04-13 09:38:23,598 DEBUG   SenderThread:367 [sender.py:send():235] send: files
2022-04-13 09:38:23,598 INFO    SenderThread:367 [sender.py:_save_file():947] saving file wandb-metadata.json with policy now
2022-04-13 09:38:23,608 DEBUG   HandlerThread:367 [handler.py:handle_request():141] handle_request: stop_status
2022-04-13 09:38:23,609 DEBUG   SenderThread:367 [sender.py:send_request():249] send_request: stop_status
2022-04-13 09:38:23,618 DEBUG   HandlerThread:367 [handler.py:handle_request():141] handle_request: pause
2022-04-13 09:38:23,618 INFO    HandlerThread:367 [handler.py:handle_request_pause():679] stopping system metrics thread
2022-04-13 09:38:23,638 DEBUG   SenderThread:367 [sender.py:send():235] send: telemetry
2022-04-13 09:38:23,701 DEBUG   HandlerThread:367 [handler.py:handle_request():141] handle_request: resume
2022-04-13 09:38:23,701 INFO    HandlerThread:367 [handler.py:handle_request_resume():670] starting system metrics thread
2022-04-13 09:38:23,702 DEBUG   SenderThread:367 [sender.py:send():235] send: telemetry
2022-04-13 09:38:23,702 DEBUG   SenderThread:367 [sender.py:send():235] send: run
2022-04-13 09:38:23,702 DEBUG   HandlerThread:367 [handler.py:handle_request():141] handle_request: pause
2022-04-13 09:38:23,704 INFO    HandlerThread:367 [handler.py:handle_request_pause():679] stopping system metrics thread
2022-04-13 09:38:23,715 DEBUG   HandlerThread:367 [handler.py:handle_request():141] handle_request: resume
2022-04-13 09:38:23,715 INFO    HandlerThread:367 [handler.py:handle_request_resume():670] starting system metrics thread
2022-04-13 09:38:23,716 DEBUG   HandlerThread:367 [handler.py:handle_request():141] handle_request: pause
2022-04-13 09:38:23,716 INFO    HandlerThread:367 [handler.py:handle_request_pause():679] stopping system metrics thread
2022-04-13 09:38:23,720 DEBUG   HandlerThread:367 [handler.py:handle_request():141] handle_request: resume
2022-04-13 09:38:23,720 INFO    HandlerThread:367 [handler.py:handle_request_resume():670] starting system metrics thread
2022-04-13 09:38:23,756 INFO    SenderThread:367 [sender.py:send_run():710] updated run: 3gjnl0at
2022-04-13 09:38:23,756 DEBUG   SenderThread:367 [sender.py:send():235] send: telemetry
2022-04-13 09:38:23,757 DEBUG   SenderThread:367 [sender.py:send():235] send: config
2022-04-13 09:38:23,757 DEBUG   SenderThread:367 [sender.py:send():235] send: config
2022-04-13 09:38:23,757 DEBUG   SenderThread:367 [sender.py:send():235] send: config
2022-04-13 09:38:23,757 DEBUG   SenderThread:367 [sender.py:send():235] send: stats
2022-04-13 09:38:23,757 DEBUG   SenderThread:367 [sender.py:send():235] send: stats
2022-04-13 09:38:23,758 DEBUG   SenderThread:367 [sender.py:send():235] send: stats
2022-04-13 09:38:23,865 INFO    Thread-11 :367 [upload_job.py:push():137] Uploaded file /tmp/tmpg_90ymbrwandb/3idqafuo-wandb-metadata.json
2022-04-13 09:38:24,343 INFO    Thread-7  :367 [dir_watcher.py:_on_file_modified():230] file/dir modified: /content/drive/MyDrive/groom_project2/wandb/run-20220413_093820-3gjnl0at/files/config.yaml
2022-04-13 09:38:24,344 INFO    Thread-7  :367 [dir_watcher.py:_on_file_created():217] file/dir created: /content/drive/MyDrive/groom_project2/wandb/run-20220413_093820-3gjnl0at/files/output.log
2022-04-13 09:38:24,345 INFO    Thread-7  :367 [dir_watcher.py:_on_file_created():217] file/dir created: /content/drive/MyDrive/groom_project2/wandb/run-20220413_093820-3gjnl0at/files/wandb-metadata.json
2022-04-13 09:38:24,345 INFO    Thread-7  :367 [dir_watcher.py:_on_file_created():217] file/dir created: /content/drive/MyDrive/groom_project2/wandb/run-20220413_093820-3gjnl0at/files/requirements.txt
2022-04-13 09:38:25,610 DEBUG   HandlerThread:367 [handler.py:handle_request():141] handle_request: pause
2022-04-13 09:38:25,611 INFO    HandlerThread:367 [handler.py:handle_request_pause():679] stopping system metrics thread
2022-04-13 09:38:25,631 DEBUG   HandlerThread:367 [handler.py:handle_request():141] handle_request: resume
2022-04-13 09:38:25,631 INFO    HandlerThread:367 [handler.py:handle_request_resume():670] starting system metrics thread
2022-04-13 09:38:25,632 DEBUG   SenderThread:367 [sender.py:send():235] send: stats
2022-04-13 09:38:34,979 DEBUG   HandlerThread:367 [handler.py:handle_request():141] handle_request: pause
2022-04-13 09:38:34,979 INFO    HandlerThread:367 [handler.py:handle_request_pause():679] stopping system metrics thread
2022-04-13 09:38:35,220 DEBUG   HandlerThread:367 [handler.py:handle_request():141] handle_request: resume
2022-04-13 09:38:35,220 INFO    HandlerThread:367 [handler.py:handle_request_resume():670] starting system metrics thread
2022-04-13 09:38:35,221 DEBUG   SenderThread:367 [sender.py:send():235] send: stats
2022-04-13 09:38:38,639 DEBUG   HandlerThread:367 [handler.py:handle_request():141] handle_request: stop_status
2022-04-13 09:38:38,640 DEBUG   SenderThread:367 [sender.py:send_request():249] send_request: stop_status
2022-04-13 09:38:47,252 DEBUG   HandlerThread:367 [handler.py:handle_request():141] handle_request: pause
2022-04-13 09:38:47,253 INFO    HandlerThread:367 [handler.py:handle_request_pause():679] stopping system metrics thread
2022-04-13 09:38:47,276 DEBUG   HandlerThread:367 [handler.py:handle_request():141] handle_request: resume
2022-04-13 09:38:47,276 INFO    HandlerThread:367 [handler.py:handle_request_resume():670] starting system metrics thread
2022-04-13 09:38:47,276 DEBUG   HandlerThread:367 [handler.py:handle_request():141] handle_request: pause
2022-04-13 09:38:47,277 INFO    HandlerThread:367 [handler.py:handle_request_pause():679] stopping system metrics thread
2022-04-13 09:38:47,281 DEBUG   HandlerThread:367 [handler.py:handle_request():141] handle_request: resume
2022-04-13 09:38:47,281 INFO    HandlerThread:367 [handler.py:handle_request_resume():670] starting system metrics thread
2022-04-13 09:38:47,281 DEBUG   SenderThread:367 [sender.py:send():235] send: stats
2022-04-13 09:38:47,282 DEBUG   SenderThread:367 [sender.py:send():235] send: stats
2022-04-13 09:38:47,340 DEBUG   HandlerThread:367 [handler.py:handle_request():141] handle_request: pause
2022-04-13 09:38:47,340 INFO    HandlerThread:367 [handler.py:handle_request_pause():679] stopping system metrics thread
2022-04-13 09:38:47,391 DEBUG   HandlerThread:367 [handler.py:handle_request():141] handle_request: resume
2022-04-13 09:38:47,391 INFO    HandlerThread:367 [handler.py:handle_request_resume():670] starting system metrics thread
2022-04-13 09:38:47,391 DEBUG   SenderThread:367 [sender.py:send():235] send: stats
2022-04-13 09:38:52,391 INFO    Thread-7  :367 [dir_watcher.py:_on_file_modified():230] file/dir modified: /content/drive/MyDrive/groom_project2/wandb/run-20220413_093820-3gjnl0at/files/config.yaml
2022-04-13 09:38:54,339 DEBUG   HandlerThread:367 [handler.py:handle_request():141] handle_request: stop_status
2022-04-13 09:38:54,340 DEBUG   SenderThread:367 [sender.py:send_request():249] send_request: stop_status
2022-04-13 09:38:54,691 DEBUG   HandlerThread:367 [handler.py:handle_request():141] handle_request: pause
2022-04-13 09:38:54,691 INFO    HandlerThread:367 [handler.py:handle_request_pause():679] stopping system metrics thread
2022-04-13 09:38:54,730 DEBUG   HandlerThread:367 [handler.py:handle_request():141] handle_request: resume
2022-04-13 09:38:54,730 INFO    HandlerThread:367 [handler.py:handle_request_resume():670] starting system metrics thread
2022-04-13 09:38:54,731 DEBUG   SenderThread:367 [sender.py:send():235] send: stats
2022-04-13 09:38:54,764 DEBUG   HandlerThread:367 [handler.py:handle_request():141] handle_request: pause
2022-04-13 09:38:54,764 INFO    HandlerThread:367 [handler.py:handle_request_pause():679] stopping system metrics thread
2022-04-13 09:38:54,841 DEBUG   HandlerThread:367 [handler.py:handle_request():141] handle_request: resume
2022-04-13 09:38:54,841 INFO    HandlerThread:367 [handler.py:handle_request_resume():670] starting system metrics thread
2022-04-13 09:38:54,842 DEBUG   SenderThread:367 [sender.py:send():235] send: stats
2022-04-13 09:38:57,631 DEBUG   HandlerThread:367 [handler.py:handle_request():141] handle_request: pause
2022-04-13 09:38:57,631 INFO    HandlerThread:367 [handler.py:handle_request_pause():679] stopping system metrics thread
2022-04-13 09:38:57,668 DEBUG   HandlerThread:367 [handler.py:handle_request():141] handle_request: resume
2022-04-13 09:38:57,669 INFO    HandlerThread:367 [handler.py:handle_request_resume():670] starting system metrics thread
2022-04-13 09:38:57,669 DEBUG   HandlerThread:367 [handler.py:handle_request():141] handle_request: pause
2022-04-13 09:38:57,669 INFO    HandlerThread:367 [handler.py:handle_request_pause():679] stopping system metrics thread
2022-04-13 09:38:57,676 DEBUG   SenderThread:367 [sender.py:send():235] send: stats
2022-04-13 09:38:57,676 DEBUG   HandlerThread:367 [handler.py:handle_request():141] handle_request: resume
2022-04-13 09:38:57,676 INFO    HandlerThread:367 [handler.py:handle_request_resume():670] starting system metrics thread
2022-04-13 09:38:57,677 DEBUG   SenderThread:367 [sender.py:send():235] send: stats
2022-04-13 09:38:57,693 DEBUG   HandlerThread:367 [handler.py:handle_request():141] handle_request: pause
2022-04-13 09:38:57,693 INFO    HandlerThread:367 [handler.py:handle_request_pause():679] stopping system metrics thread
2022-04-13 09:38:57,789 DEBUG   HandlerThread:367 [handler.py:handle_request():141] handle_request: resume
2022-04-13 09:38:57,789 INFO    HandlerThread:367 [handler.py:handle_request_resume():670] starting system metrics thread
2022-04-13 09:38:57,789 DEBUG   HandlerThread:367 [handler.py:handle_request():141] handle_request: pause
2022-04-13 09:38:57,789 INFO    HandlerThread:367 [handler.py:handle_request_pause():679] stopping system metrics thread
2022-04-13 09:38:57,794 DEBUG   HandlerThread:367 [handler.py:handle_request():141] handle_request: resume
2022-04-13 09:38:57,795 INFO    HandlerThread:367 [handler.py:handle_request_resume():670] starting system metrics thread
2022-04-13 09:38:57,795 DEBUG   HandlerThread:367 [handler.py:handle_request():141] handle_request: pause
2022-04-13 09:38:57,795 INFO    HandlerThread:367 [handler.py:handle_request_pause():679] stopping system metrics thread
2022-04-13 09:38:57,801 DEBUG   HandlerThread:367 [handler.py:handle_request():141] handle_request: resume
2022-04-13 09:38:57,801 INFO    HandlerThread:367 [handler.py:handle_request_resume():670] starting system metrics thread
2022-04-13 09:38:57,801 DEBUG   HandlerThread:367 [handler.py:handle_request():141] handle_request: pause
2022-04-13 09:38:57,801 INFO    HandlerThread:367 [handler.py:handle_request_pause():679] stopping system metrics thread
2022-04-13 09:38:57,810 DEBUG   HandlerThread:367 [handler.py:handle_request():141] handle_request: resume
2022-04-13 09:38:57,810 INFO    HandlerThread:367 [handler.py:handle_request_resume():670] starting system metrics thread
2022-04-13 09:38:57,810 DEBUG   HandlerThread:367 [handler.py:handle_request():141] handle_request: pause
2022-04-13 09:38:57,810 INFO    HandlerThread:367 [handler.py:handle_request_pause():679] stopping system metrics thread
2022-04-13 09:38:57,815 DEBUG   HandlerThread:367 [handler.py:handle_request():141] handle_request: resume
2022-04-13 09:38:57,815 DEBUG   SenderThread:367 [sender.py:send():235] send: stats
2022-04-13 09:38:57,815 INFO    HandlerThread:367 [handler.py:handle_request_resume():670] starting system metrics thread
2022-04-13 09:38:57,816 DEBUG   HandlerThread:367 [handler.py:handle_request():141] handle_request: pause
2022-04-13 09:38:57,816 DEBUG   SenderThread:367 [sender.py:send():235] send: stats
2022-04-13 09:38:57,816 INFO    HandlerThread:367 [handler.py:handle_request_pause():679] stopping system metrics thread
2022-04-13 09:38:57,820 DEBUG   SenderThread:367 [sender.py:send():235] send: stats
2022-04-13 09:38:57,821 DEBUG   HandlerThread:367 [handler.py:handle_request():141] handle_request: resume
2022-04-13 09:38:57,821 INFO    HandlerThread:367 [handler.py:handle_request_resume():670] starting system metrics thread
2022-04-13 09:38:57,822 DEBUG   SenderThread:367 [sender.py:send():235] send: stats
2022-04-13 09:38:57,822 DEBUG   SenderThread:367 [sender.py:send():235] send: stats
2022-04-13 09:38:57,822 DEBUG   SenderThread:367 [sender.py:send():235] send: stats
2022-04-13 09:38:58,401 INFO    Thread-7  :367 [dir_watcher.py:_on_file_modified():230] file/dir modified: /content/drive/MyDrive/groom_project2/wandb/run-20220413_093820-3gjnl0at/files/output.log
2022-04-13 09:38:59,470 DEBUG   HandlerThread:367 [handler.py:handle_request():141] handle_request: pause
2022-04-13 09:38:59,471 INFO    HandlerThread:367 [handler.py:handle_request_pause():679] stopping system metrics thread
2022-04-13 09:38:59,536 DEBUG   SenderThread:367 [sender.py:send():235] send: stats
2022-04-13 09:39:00,371 DEBUG   HandlerThread:367 [handler.py:handle_request():141] handle_request: resume
2022-04-13 09:39:00,371 INFO    HandlerThread:367 [handler.py:handle_request_resume():670] starting system metrics thread
2022-04-13 09:39:00,382 DEBUG   HandlerThread:367 [handler.py:handle_request():141] handle_request: pause
2022-04-13 09:39:00,382 INFO    HandlerThread:367 [handler.py:handle_request_pause():679] stopping system metrics thread
2022-04-13 09:39:00,482 DEBUG   HandlerThread:367 [handler.py:handle_request():141] handle_request: resume
2022-04-13 09:39:00,483 INFO    HandlerThread:367 [handler.py:handle_request_resume():670] starting system metrics thread
2022-04-13 09:39:00,483 DEBUG   HandlerThread:367 [handler.py:handle_request():141] handle_request: pause
2022-04-13 09:39:00,483 INFO    HandlerThread:367 [handler.py:handle_request_pause():679] stopping system metrics thread
2022-04-13 09:39:00,490 DEBUG   HandlerThread:367 [handler.py:handle_request():141] handle_request: resume
2022-04-13 09:39:00,490 INFO    HandlerThread:367 [handler.py:handle_request_resume():670] starting system metrics thread
2022-04-13 09:39:00,491 DEBUG   HandlerThread:367 [handler.py:handle_request():141] handle_request: pause
2022-04-13 09:39:00,491 INFO    HandlerThread:367 [handler.py:handle_request_pause():679] stopping system metrics thread
2022-04-13 09:39:00,495 DEBUG   HandlerThread:367 [handler.py:handle_request():141] handle_request: resume
2022-04-13 09:39:00,495 INFO    HandlerThread:367 [handler.py:handle_request_resume():670] starting system metrics thread
2022-04-13 09:39:00,496 DEBUG   SenderThread:367 [sender.py:send():235] send: stats
2022-04-13 09:39:00,496 DEBUG   SenderThread:367 [sender.py:send():235] send: stats
2022-04-13 09:39:00,497 DEBUG   SenderThread:367 [sender.py:send():235] send: stats
2022-04-13 09:39:01,407 INFO    Thread-7  :367 [dir_watcher.py:_on_file_modified():230] file/dir modified: /content/drive/MyDrive/groom_project2/wandb/run-20220413_093820-3gjnl0at/files/output.log
2022-04-13 09:39:02,408 INFO    Thread-7  :367 [dir_watcher.py:_on_file_modified():230] file/dir modified: /content/drive/MyDrive/groom_project2/wandb/run-20220413_093820-3gjnl0at/files/output.log
2022-04-13 09:39:09,403 DEBUG   HandlerThread:367 [handler.py:handle_request():141] handle_request: stop_status
2022-04-13 09:39:09,403 DEBUG   SenderThread:367 [sender.py:send_request():249] send_request: stop_status
2022-04-13 09:39:24,438 DEBUG   HandlerThread:367 [handler.py:handle_request():141] handle_request: stop_status
2022-04-13 09:39:24,438 DEBUG   SenderThread:367 [sender.py:send_request():249] send_request: stop_status
2022-04-13 09:39:28,624 DEBUG   SenderThread:367 [sender.py:send():235] send: stats
2022-04-13 09:39:39,481 DEBUG   HandlerThread:367 [handler.py:handle_request():141] handle_request: stop_status
2022-04-13 09:39:39,482 DEBUG   SenderThread:367 [sender.py:send_request():249] send_request: stop_status
2022-04-13 09:39:54,581 DEBUG   HandlerThread:367 [handler.py:handle_request():141] handle_request: stop_status
2022-04-13 09:39:54,581 DEBUG   SenderThread:367 [sender.py:send_request():249] send_request: stop_status
2022-04-13 09:39:58,756 DEBUG   SenderThread:367 [sender.py:send():235] send: stats
2022-04-13 09:40:09,616 DEBUG   HandlerThread:367 [handler.py:handle_request():141] handle_request: stop_status
2022-04-13 09:40:09,617 DEBUG   SenderThread:367 [sender.py:send_request():249] send_request: stop_status
2022-04-13 09:40:24,693 DEBUG   HandlerThread:367 [handler.py:handle_request():141] handle_request: stop_status
2022-04-13 09:40:24,694 DEBUG   SenderThread:367 [sender.py:send_request():249] send_request: stop_status
2022-04-13 09:40:28,892 DEBUG   SenderThread:367 [sender.py:send():235] send: stats
2022-04-13 09:40:39,730 DEBUG   HandlerThread:367 [handler.py:handle_request():141] handle_request: stop_status
2022-04-13 09:40:39,731 DEBUG   SenderThread:367 [sender.py:send_request():249] send_request: stop_status
2022-04-13 09:40:54,768 DEBUG   HandlerThread:367 [handler.py:handle_request():141] handle_request: stop_status
2022-04-13 09:40:54,768 DEBUG   SenderThread:367 [sender.py:send_request():249] send_request: stop_status
2022-04-13 09:40:59,032 DEBUG   SenderThread:367 [sender.py:send():235] send: stats
2022-04-13 09:41:09,869 DEBUG   HandlerThread:367 [handler.py:handle_request():141] handle_request: stop_status
2022-04-13 09:41:09,869 DEBUG   SenderThread:367 [sender.py:send_request():249] send_request: stop_status
2022-04-13 09:41:19,519 DEBUG   HandlerThread:367 [handler.py:handle_request():141] handle_request: partial_history
2022-04-13 09:41:19,520 DEBUG   SenderThread:367 [sender.py:send():235] send: history
2022-04-13 09:41:19,520 DEBUG   SenderThread:367 [sender.py:send():235] send: summary
2022-04-13 09:41:19,526 INFO    SenderThread:367 [sender.py:_save_file():947] saving file wandb-summary.json with policy end
2022-04-13 09:41:19,648 INFO    Thread-7  :367 [dir_watcher.py:_on_file_modified():230] file/dir modified: /content/drive/MyDrive/groom_project2/wandb/run-20220413_093820-3gjnl0at/files/wandb-summary.json
2022-04-13 09:41:24,898 DEBUG   HandlerThread:367 [handler.py:handle_request():141] handle_request: stop_status
2022-04-13 09:41:24,899 DEBUG   SenderThread:367 [sender.py:send_request():249] send_request: stop_status
2022-04-13 09:41:29,168 DEBUG   SenderThread:367 [sender.py:send():235] send: stats
2022-04-13 09:41:39,949 DEBUG   HandlerThread:367 [handler.py:handle_request():141] handle_request: stop_status
2022-04-13 09:41:39,949 DEBUG   SenderThread:367 [sender.py:send_request():249] send_request: stop_status
2022-04-13 09:41:54,977 DEBUG   HandlerThread:367 [handler.py:handle_request():141] handle_request: stop_status
2022-04-13 09:41:54,977 DEBUG   SenderThread:367 [sender.py:send_request():249] send_request: stop_status
2022-04-13 09:41:59,309 DEBUG   SenderThread:367 [sender.py:send():235] send: stats
2022-04-13 09:42:10,194 DEBUG   HandlerThread:367 [handler.py:handle_request():141] handle_request: stop_status
2022-04-13 09:42:10,194 DEBUG   SenderThread:367 [sender.py:send_request():249] send_request: stop_status
2022-04-13 09:42:25,246 DEBUG   HandlerThread:367 [handler.py:handle_request():141] handle_request: stop_status
2022-04-13 09:42:25,246 DEBUG   SenderThread:367 [sender.py:send_request():249] send_request: stop_status
2022-04-13 09:42:29,442 DEBUG   SenderThread:367 [sender.py:send():235] send: stats
2022-04-13 09:42:40,287 DEBUG   HandlerThread:367 [handler.py:handle_request():141] handle_request: stop_status
2022-04-13 09:42:40,288 DEBUG   SenderThread:367 [sender.py:send_request():249] send_request: stop_status
2022-04-13 09:42:55,321 DEBUG   HandlerThread:367 [handler.py:handle_request():141] handle_request: stop_status
2022-04-13 09:42:55,322 DEBUG   SenderThread:367 [sender.py:send_request():249] send_request: stop_status
2022-04-13 09:42:59,581 DEBUG   SenderThread:367 [sender.py:send():235] send: stats
2022-04-13 09:43:10,358 DEBUG   HandlerThread:367 [handler.py:handle_request():141] handle_request: stop_status
2022-04-13 09:43:10,359 DEBUG   SenderThread:367 [sender.py:send_request():249] send_request: stop_status
2022-04-13 09:43:25,415 DEBUG   HandlerThread:367 [handler.py:handle_request():141] handle_request: stop_status
2022-04-13 09:43:25,416 DEBUG   SenderThread:367 [sender.py:send_request():249] send_request: stop_status
2022-04-13 09:43:37,427 DEBUG   HandlerThread:367 [handler.py:handle_request():141] handle_request: partial_history
2022-04-13 09:43:45,416 DEBUG   HandlerThread:367 [handler.py:handle_request():141] handle_request: stop_status
2022-04-13 09:43:59,023 ERROR   SenderThread:367 [retry.py:__call__():126] Retry attempt failed:
Traceback (most recent call last):
  File "/usr/local/lib/python3.7/dist-packages/urllib3/connectionpool.py", line 384, in _make_request
    six.raise_from(e, None)
  File "<string>", line 2, in raise_from
  File "/usr/local/lib/python3.7/dist-packages/urllib3/connectionpool.py", line 380, in _make_request
    httplib_response = conn.getresponse()
  File "/usr/lib/python3.7/http/client.py", line 1373, in getresponse
    response.begin()
  File "/usr/lib/python3.7/http/client.py", line 319, in begin
    version, status, reason = self._read_status()
  File "/usr/lib/python3.7/http/client.py", line 280, in _read_status
    line = str(self.fp.readline(_MAXLINE + 1), "iso-8859-1")
  File "/usr/lib/python3.7/socket.py", line 589, in readinto
    return self._sock.recv_into(b)
  File "/usr/lib/python3.7/ssl.py", line 1071, in recv_into
    return self.read(nbytes, buffer)
  File "/usr/lib/python3.7/ssl.py", line 929, in read
    return self._sslobj.read(len, buffer)
socket.timeout: The read operation timed out

During handling of the above exception, another exception occurred:

Traceback (most recent call last):
  File "/usr/local/lib/python3.7/dist-packages/requests/adapters.py", line 449, in send
    timeout=timeout
  File "/usr/local/lib/python3.7/dist-packages/urllib3/connectionpool.py", line 638, in urlopen
    _stacktrace=sys.exc_info()[2])
  File "/usr/local/lib/python3.7/dist-packages/urllib3/util/retry.py", line 368, in increment
    raise six.reraise(type(error), error, _stacktrace)
  File "/usr/local/lib/python3.7/dist-packages/urllib3/packages/six.py", line 686, in reraise
    raise value
  File "/usr/local/lib/python3.7/dist-packages/urllib3/connectionpool.py", line 600, in urlopen
    chunked=chunked)
  File "/usr/local/lib/python3.7/dist-packages/urllib3/connectionpool.py", line 386, in _make_request
    self._raise_timeout(err=e, url=url, timeout_value=read_timeout)
  File "/usr/local/lib/python3.7/dist-packages/urllib3/connectionpool.py", line 306, in _raise_timeout
    raise ReadTimeoutError(self, url, "Read timed out. (read timeout=%s)" % timeout_value)
urllib3.exceptions.ReadTimeoutError: HTTPSConnectionPool(host='api.wandb.ai', port=443): Read timed out. (read timeout=10)

During handling of the above exception, another exception occurred:

Traceback (most recent call last):
  File "/usr/local/lib/python3.7/dist-packages/wandb/sdk/lib/retry.py", line 102, in __call__
    result = self._call_fn(*args, **kwargs)
  File "/usr/local/lib/python3.7/dist-packages/wandb/sdk/internal/internal_api.py", line 141, in execute
    return self.client.execute(*args, **kwargs)
  File "/usr/local/lib/python3.7/dist-packages/wandb/vendor/gql-0.2.0/wandb_gql/client.py", line 52, in execute
    result = self._get_result(document, *args, **kwargs)
  File "/usr/local/lib/python3.7/dist-packages/wandb/vendor/gql-0.2.0/wandb_gql/client.py", line 60, in _get_result
    return self.transport.execute(document, *args, **kwargs)
  File "/usr/local/lib/python3.7/dist-packages/wandb/vendor/gql-0.2.0/wandb_gql/transport/requests.py", line 38, in execute
    request = requests.post(self.url, **post_args)
  File "/usr/local/lib/python3.7/dist-packages/requests/api.py", line 119, in post
    return request('post', url, data=data, json=json, **kwargs)
  File "/usr/local/lib/python3.7/dist-packages/requests/api.py", line 61, in request
    return session.request(method=method, url=url, **kwargs)
  File "/usr/local/lib/python3.7/dist-packages/requests/sessions.py", line 530, in request
    resp = self.send(prep, **send_kwargs)
  File "/usr/local/lib/python3.7/dist-packages/requests/sessions.py", line 643, in send
    r = adapter.send(request, **kwargs)
  File "/usr/local/lib/python3.7/dist-packages/requests/adapters.py", line 529, in send
    raise ReadTimeout(e, request=request)
requests.exceptions.ReadTimeout: HTTPSConnectionPool(host='api.wandb.ai', port=443): Read timed out. (read timeout=10)
2022-04-13 09:44:05,417 DEBUG   HandlerThread:367 [handler.py:handle_request():141] handle_request: stop_status
2022-04-13 09:44:15,759 WARNING FileStreamThread:367 [file_stream.py:request_with_retry():599] requests_with_retry encountered retryable exception: 500 Server Error: Internal Server Error for url: https://api.wandb.ai/files/lee-jun-yup/test_project/3gjnl0at/file_stream. func: <bound method Session.post of <requests.sessions.Session object at 0x7f9015f669d0>>, args: ('https://api.wandb.ai/files/lee-jun-yup/test_project/3gjnl0at/file_stream',), kwargs: {'json': {'complete': False, 'failed': False, 'dropped': 0, 'uploaded': []}}
2022-04-13 09:44:25,417 DEBUG   HandlerThread:367 [handler.py:handle_request():141] handle_request: stop_status
2022-04-13 09:44:32,622 DEBUG   SenderThread:367 [sender.py:send():235] send: stats
2022-04-13 09:44:32,623 DEBUG   SenderThread:367 [sender.py:send():235] send: history
2022-04-13 09:44:32,624 DEBUG   SenderThread:367 [sender.py:send():235] send: summary
2022-04-13 09:44:32,628 INFO    SenderThread:367 [sender.py:_save_file():947] saving file wandb-summary.json with policy end
2022-04-13 09:44:32,629 DEBUG   SenderThread:367 [sender.py:send_request():249] send_request: stop_status
2022-04-13 09:44:32,982 INFO    Thread-7  :367 [dir_watcher.py:_on_file_modified():230] file/dir modified: /content/drive/MyDrive/groom_project2/wandb/run-20220413_093820-3gjnl0at/files/wandb-summary.json
2022-04-13 09:44:45,418 DEBUG   HandlerThread:367 [handler.py:handle_request():141] handle_request: stop_status
2022-04-13 09:44:52,751 DEBUG   SenderThread:367 [sender.py:send():235] send: stats
2022-04-13 09:44:52,752 DEBUG   SenderThread:367 [sender.py:send_request():249] send_request: stop_status
2022-04-13 09:45:00,304 DEBUG   SenderThread:367 [sender.py:send_request():249] send_request: stop_status
2022-04-13 09:45:01,218 DEBUG   SenderThread:367 [sender.py:send():235] send: stats
2022-04-13 09:45:01,218 DEBUG   SenderThread:367 [sender.py:send_request():249] send_request: stop_status
2022-04-13 09:45:05,418 DEBUG   HandlerThread:367 [handler.py:handle_request():141] handle_request: stop_status
2022-04-13 09:45:07,073 DEBUG   SenderThread:367 [sender.py:send():235] send: stats
2022-04-13 09:45:07,073 DEBUG   SenderThread:367 [sender.py:send_request():249] send_request: stop_status
2022-04-13 09:45:24,290 DEBUG   HandlerThread:367 [handler.py:handle_request():141] handle_request: stop_status
2022-04-13 09:45:24,291 DEBUG   SenderThread:367 [sender.py:send_request():249] send_request: stop_status
2022-04-13 09:45:30,264 DEBUG   SenderThread:367 [sender.py:send():235] send: stats
2022-04-13 09:45:39,864 DEBUG   HandlerThread:367 [handler.py:handle_request():141] handle_request: stop_status
2022-04-13 09:45:39,865 DEBUG   SenderThread:367 [sender.py:send_request():249] send_request: stop_status
2022-04-13 09:45:56,565 DEBUG   HandlerThread:367 [handler.py:handle_request():141] handle_request: partial_history
2022-04-13 09:45:56,566 DEBUG   SenderThread:367 [sender.py:send():235] send: history
2022-04-13 09:45:56,566 DEBUG   SenderThread:367 [sender.py:send():235] send: summary
2022-04-13 09:45:56,572 INFO    SenderThread:367 [sender.py:_save_file():947] saving file wandb-summary.json with policy end
2022-04-13 09:45:57,129 INFO    Thread-7  :367 [dir_watcher.py:_on_file_modified():230] file/dir modified: /content/drive/MyDrive/groom_project2/wandb/run-20220413_093820-3gjnl0at/files/wandb-summary.json
2022-04-13 09:45:57,725 DEBUG   HandlerThread:367 [handler.py:handle_request():141] handle_request: stop_status
2022-04-13 09:45:57,726 DEBUG   SenderThread:367 [sender.py:send_request():249] send_request: stop_status
2022-04-13 09:46:00,401 DEBUG   SenderThread:367 [sender.py:send():235] send: stats
2022-04-13 09:46:12,936 DEBUG   HandlerThread:367 [handler.py:handle_request():141] handle_request: stop_status
2022-04-13 09:46:12,936 DEBUG   SenderThread:367 [sender.py:send_request():249] send_request: stop_status
2022-04-13 09:46:28,663 DEBUG   HandlerThread:367 [handler.py:handle_request():141] handle_request: stop_status
2022-04-13 09:46:28,663 DEBUG   SenderThread:367 [sender.py:send_request():249] send_request: stop_status
2022-04-13 09:46:30,538 DEBUG   SenderThread:367 [sender.py:send():235] send: stats
2022-04-13 09:46:43,776 DEBUG   HandlerThread:367 [handler.py:handle_request():141] handle_request: stop_status
2022-04-13 09:46:43,776 DEBUG   SenderThread:367 [sender.py:send_request():249] send_request: stop_status
2022-04-13 09:46:58,825 DEBUG   HandlerThread:367 [handler.py:handle_request():141] handle_request: stop_status
2022-04-13 09:46:58,826 DEBUG   SenderThread:367 [sender.py:send_request():249] send_request: stop_status
2022-04-13 09:47:00,691 DEBUG   SenderThread:367 [sender.py:send():235] send: stats
2022-04-13 09:47:13,935 DEBUG   HandlerThread:367 [handler.py:handle_request():141] handle_request: stop_status
2022-04-13 09:47:13,935 DEBUG   SenderThread:367 [sender.py:send_request():249] send_request: stop_status
2022-04-13 09:47:29,087 DEBUG   HandlerThread:367 [handler.py:handle_request():141] handle_request: stop_status
2022-04-13 09:47:29,087 DEBUG   SenderThread:367 [sender.py:send_request():249] send_request: stop_status
2022-04-13 09:47:30,835 DEBUG   SenderThread:367 [sender.py:send():235] send: stats
2022-04-13 09:47:45,322 DEBUG   HandlerThread:367 [handler.py:handle_request():141] handle_request: stop_status
2022-04-13 09:47:45,323 DEBUG   SenderThread:367 [sender.py:send_request():249] send_request: stop_status
2022-04-13 09:48:00,986 DEBUG   SenderThread:367 [sender.py:send():235] send: stats
2022-04-13 09:48:01,390 DEBUG   HandlerThread:367 [handler.py:handle_request():141] handle_request: stop_status
2022-04-13 09:48:01,390 DEBUG   SenderThread:367 [sender.py:send_request():249] send_request: stop_status
2022-04-13 09:48:13,778 DEBUG   HandlerThread:367 [handler.py:handle_request():141] handle_request: partial_history
2022-04-13 09:48:13,779 DEBUG   SenderThread:367 [sender.py:send():235] send: history
2022-04-13 09:48:13,779 DEBUG   SenderThread:367 [sender.py:send():235] send: summary
2022-04-13 09:48:13,783 INFO    SenderThread:367 [sender.py:_save_file():947] saving file wandb-summary.json with policy end
2022-04-13 09:48:14,371 INFO    Thread-7  :367 [dir_watcher.py:_on_file_modified():230] file/dir modified: /content/drive/MyDrive/groom_project2/wandb/run-20220413_093820-3gjnl0at/files/wandb-summary.json
2022-04-13 09:48:18,182 DEBUG   HandlerThread:367 [handler.py:handle_request():141] handle_request: stop_status
2022-04-13 09:48:18,183 DEBUG   SenderThread:367 [sender.py:send_request():249] send_request: stop_status
2022-04-13 09:48:31,119 DEBUG   SenderThread:367 [sender.py:send():235] send: stats
2022-04-13 09:48:33,314 DEBUG   HandlerThread:367 [handler.py:handle_request():141] handle_request: stop_status
2022-04-13 09:48:33,315 DEBUG   SenderThread:367 [sender.py:send_request():249] send_request: stop_status
2022-04-13 09:48:48,478 DEBUG   HandlerThread:367 [handler.py:handle_request():141] handle_request: stop_status
2022-04-13 09:48:48,479 DEBUG   SenderThread:367 [sender.py:send_request():249] send_request: stop_status
2022-04-13 09:49:01,256 DEBUG   SenderThread:367 [sender.py:send():235] send: stats
2022-04-13 09:49:03,637 DEBUG   HandlerThread:367 [handler.py:handle_request():141] handle_request: stop_status
2022-04-13 09:49:03,638 DEBUG   SenderThread:367 [sender.py:send_request():249] send_request: stop_status
2022-04-13 09:49:18,746 DEBUG   HandlerThread:367 [handler.py:handle_request():141] handle_request: stop_status
2022-04-13 09:49:18,747 DEBUG   SenderThread:367 [sender.py:send_request():249] send_request: stop_status
2022-04-13 09:49:31,393 DEBUG   SenderThread:367 [sender.py:send():235] send: stats
2022-04-13 09:49:33,890 DEBUG   HandlerThread:367 [handler.py:handle_request():141] handle_request: stop_status
2022-04-13 09:49:33,890 DEBUG   SenderThread:367 [sender.py:send_request():249] send_request: stop_status
2022-04-13 09:49:48,977 DEBUG   HandlerThread:367 [handler.py:handle_request():141] handle_request: stop_status
2022-04-13 09:49:48,978 DEBUG   SenderThread:367 [sender.py:send_request():249] send_request: stop_status
2022-04-13 09:50:01,538 DEBUG   SenderThread:367 [sender.py:send():235] send: stats
2022-04-13 09:50:04,059 DEBUG   HandlerThread:367 [handler.py:handle_request():141] handle_request: stop_status
2022-04-13 09:50:04,060 DEBUG   SenderThread:367 [sender.py:send_request():249] send_request: stop_status
2022-04-13 09:50:19,143 DEBUG   HandlerThread:367 [handler.py:handle_request():141] handle_request: stop_status
2022-04-13 09:50:19,143 DEBUG   SenderThread:367 [sender.py:send_request():249] send_request: stop_status
2022-04-13 09:50:31,681 DEBUG   SenderThread:367 [sender.py:send():235] send: stats
2022-04-13 09:50:34,229 DEBUG   HandlerThread:367 [handler.py:handle_request():141] handle_request: stop_status
2022-04-13 09:50:34,230 DEBUG   SenderThread:367 [sender.py:send_request():249] send_request: stop_status
2022-04-13 09:50:34,725 DEBUG   HandlerThread:367 [handler.py:handle_request():141] handle_request: partial_history
2022-04-13 09:50:34,725 DEBUG   SenderThread:367 [sender.py:send():235] send: history
2022-04-13 09:50:34,726 DEBUG   SenderThread:367 [sender.py:send():235] send: summary
2022-04-13 09:50:34,730 INFO    SenderThread:367 [sender.py:_save_file():947] saving file wandb-summary.json with policy end
2022-04-13 09:50:35,628 INFO    Thread-7  :367 [dir_watcher.py:_on_file_modified():230] file/dir modified: /content/drive/MyDrive/groom_project2/wandb/run-20220413_093820-3gjnl0at/files/wandb-summary.json
2022-04-13 09:50:49,333 DEBUG   HandlerThread:367 [handler.py:handle_request():141] handle_request: stop_status
2022-04-13 09:50:49,333 DEBUG   SenderThread:367 [sender.py:send_request():249] send_request: stop_status
2022-04-13 09:51:01,815 DEBUG   SenderThread:367 [sender.py:send():235] send: stats
2022-04-13 09:51:04,506 DEBUG   HandlerThread:367 [handler.py:handle_request():141] handle_request: stop_status
2022-04-13 09:51:04,507 DEBUG   SenderThread:367 [sender.py:send_request():249] send_request: stop_status
2022-04-13 09:51:19,649 DEBUG   HandlerThread:367 [handler.py:handle_request():141] handle_request: stop_status
2022-04-13 09:51:19,650 DEBUG   SenderThread:367 [sender.py:send_request():249] send_request: stop_status
2022-04-13 09:51:31,956 DEBUG   SenderThread:367 [sender.py:send():235] send: stats
2022-04-13 09:51:34,783 DEBUG   HandlerThread:367 [handler.py:handle_request():141] handle_request: stop_status
2022-04-13 09:51:34,783 DEBUG   SenderThread:367 [sender.py:send_request():249] send_request: stop_status
2022-04-13 09:51:49,846 DEBUG   HandlerThread:367 [handler.py:handle_request():141] handle_request: stop_status
2022-04-13 09:51:49,847 DEBUG   SenderThread:367 [sender.py:send_request():249] send_request: stop_status
2022-04-13 09:52:02,102 DEBUG   SenderThread:367 [sender.py:send():235] send: stats
2022-04-13 09:52:04,933 DEBUG   HandlerThread:367 [handler.py:handle_request():141] handle_request: stop_status
2022-04-13 09:52:04,934 DEBUG   SenderThread:367 [sender.py:send_request():249] send_request: stop_status
2022-04-13 09:52:20,034 DEBUG   HandlerThread:367 [handler.py:handle_request():141] handle_request: stop_status
2022-04-13 09:52:20,035 DEBUG   SenderThread:367 [sender.py:send_request():249] send_request: stop_status
2022-04-13 09:52:20,647 WARNING MainThread:367 [internal.py:wandb_internal():155] Internal process interrupt: 1
2022-04-13 09:52:20,775 WARNING MainThread:367 [internal.py:wandb_internal():155] Internal process interrupt: 2
2022-04-13 09:52:20,775 ERROR   MainThread:367 [internal.py:wandb_internal():158] Internal process interrupted.
2022-04-13 09:52:21,039 INFO    HandlerThread:367 [handler.py:finish():790] shutting down handler
2022-04-13 09:52:21,106 INFO    WriterThread:367 [datastore.py:close():281] close: /content/drive/MyDrive/groom_project2/wandb/run-20220413_093820-3gjnl0at/run-3gjnl0at.wandb
2022-04-13 09:52:21,111 INFO    SenderThread:367 [sender.py:finish():1107] shutting down sender
2022-04-13 09:52:21,111 INFO    SenderThread:367 [dir_watcher.py:finish():283] shutting down directory watcher
2022-04-13 09:52:21,398 INFO    MainThread:367 [internal.py:handle_exit():82] Internal process exited
