The tokenizer class you load from this checkpoint is not the same type as the class this function is called from. It may result in unexpected tokenization.
The tokenizer class you load from this checkpoint is 'BertTokenizer'.
The class this function is called from is 'KoBertTokenizer'.
Some weights of GPT2LMHeadModel were not initialized from the model checkpoint at distilgpt2 and are newly initialized: ['transformer.h.5.ln_cross_attn.weight', 'transformer.h.1.crossattention.c_attn.weight', 'transformer.h.0.crossattention.masked_bias', 'transformer.h.2.crossattention.bias', 'transformer.h.5.crossattention.c_attn.weight', 'transformer.h.0.ln_cross_attn.weight', 'transformer.h.2.crossattention.c_attn.weight', 'transformer.h.0.crossattention.q_attn.weight', 'transformer.h.3.crossattention.bias', 'transformer.h.5.crossattention.bias', 'transformer.h.2.ln_cross_attn.weight', 'transformer.h.2.crossattention.c_proj.weight', 'transformer.h.3.crossattention.c_attn.weight', 'transformer.h.4.crossattention.c_proj.weight', 'transformer.h.0.crossattention.c_proj.weight', 'transformer.h.1.crossattention.bias', 'transformer.h.2.crossattention.c_proj.bias', 'transformer.h.4.crossattention.c_attn.weight', 'transformer.h.0.crossattention.c_attn.weight', 'transformer.h.1.ln_cross_attn.weight', 'transformer.h.4.ln_cross_attn.weight', 'transformer.h.1.crossattention.q_attn.weight', 'transformer.h.3.ln_cross_attn.weight', 'transformer.h.4.crossattention.q_attn.weight', 'transformer.h.5.crossattention.c_proj.weight', 'transformer.h.0.crossattention.c_proj.bias', 'transformer.h.3.crossattention.c_proj.bias', 'transformer.h.2.crossattention.masked_bias', 'transformer.h.0.crossattention.bias', 'transformer.h.4.crossattention.masked_bias', 'transformer.h.5.crossattention.q_attn.weight', 'transformer.h.1.crossattention.masked_bias', 'transformer.h.1.crossattention.c_proj.weight', 'transformer.h.5.crossattention.c_proj.bias', 'transformer.h.3.crossattention.c_proj.weight', 'transformer.h.2.crossattention.q_attn.weight', 'transformer.h.3.crossattention.q_attn.weight', 'transformer.h.4.crossattention.bias', 'transformer.h.1.crossattention.c_proj.bias', 'transformer.h.3.crossattention.masked_bias', 'transformer.h.5.crossattention.masked_bias', 'transformer.h.4.crossattention.c_proj.bias']
You should probably TRAIN this model on a down-stream task to be able to use it for predictions and inference.
['괜찮지만 괜찮지 않아 익숙하다고 혼잣말했지만 늘 처음인 것처럼 아파', "I'm okay but I'm not okay I told myself I'm used to it But I'm in pain like it's the first time"]
['나도 알아 멍청한 짓인지 알고 있어 알고 있어 사람들이 손가락질할 때 난 더 더더욱 강해질 거야 난 오늘도 어김없이 꿈을 꿔 하늘을 날아오르는 자유로운 듯 손을 뻗으면 닿을 듯 더 높이 향해서 날갯짓을 해 두렵더라도', 'I know this is stupid I know, I know But when people point fingers at me I’m gonna become stronger Without fail, I’m dreaming again today As if I’m free like I’m flying in the sky As if I can reach if I hold out my hand I’ll flap my wings harder, even if I’m scared']
{'input_ids': [2, 1100, 7330, 1100, 7318, 3155, 3757, 6642, 7799, 5100, 7177, 6160, 7880, 1550, 4468, 7119, 920, 3093, 7682, 3, 1, 1, 1, 1, 1, 1, 1, 1, 1, 1, 1, 1, 1, 1, 1, 1, 1, 1, 1, 1, 1, 1, 1, 1, 1, 1, 1, 1, 1, 1, 1, 1, 1, 1, 1, 1, 1, 1, 1, 1, 1, 1, 1, 1, 1, 1, 1, 1, 1, 1, 1, 1, 1, 1, 1, 1, 1, 1, 1, 1, 1, 1, 1, 1, 1, 1, 1, 1, 1, 1, 1, 1, 1, 1, 1, 1, 1, 1, 1, 1, 1, 1, 1, 1, 1, 1, 1, 1, 1, 1, 1, 1, 1, 1, 1, 1, 1, 1, 1, 1, 1, 1, 1, 1, 1, 1, 1, 1, 1, 1, 1, 1, 1, 1, 1, 1, 1, 1, 1, 1, 1, 1, 1, 1, 1, 1, 1, 1, 1, 1, 1, 1, 1, 1, 1, 1, 1, 1, 1, 1, 1, 1, 1, 1, 1, 1, 1, 1, 1, 1, 1, 1, 1, 1, 1, 1, 1, 1, 1, 1, 1, 1, 1, 1, 1, 1, 1, 1, 1, 1, 1, 1, 1, 1, 1, 1, 1, 1, 1, 1, 1, 1, 1, 1, 1, 1, 1, 1, 1, 1, 1, 1, 1, 1, 1, 1, 1, 1, 1, 1, 1, 1, 1, 1, 1, 1, 1, 1, 1, 1, 1, 1, 1, 1, 1, 1, 1, 1, 1, 1, 1, 1, 1, 1, 1, 1, 1, 1, 1, 1, 1, 1, 1, 1, 1, 1, 1, 1, 1, 1, 1, 1, 1, 1, 1, 1, 1, 1, 1, 1, 1, 1, 1, 1, 1, 1, 1, 1, 1, 1, 1, 1, 1, 1, 1, 1, 1, 1, 1, 1, 1, 1, 1, 1, 1, 1, 1, 1, 1, 1, 1, 1, 1, 1, 1, 1, 1, 1, 1, 1, 1, 1, 1, 1, 1, 1, 1, 1, 1, 1, 1, 1, 1, 1, 1, 1, 1, 1, 1, 1, 1, 1, 1, 1, 1, 1, 1, 1, 1, 1, 1, 1, 1, 1, 1, 1, 1, 1, 1, 1, 1, 1, 1, 1, 1, 1, 1, 1, 1, 1, 1, 1, 1, 1, 1, 1, 1, 1, 1, 1, 1, 1, 1, 1, 1, 1, 1, 1, 1, 1, 1, 1, 1, 1, 1, 1, 1, 1, 1, 1, 1, 1, 1, 1, 1, 1, 1, 1, 1, 1, 1, 1, 1, 1, 1, 1, 1, 1, 1, 1, 1, 1, 1, 1, 1, 1, 1, 1, 1, 1, 1, 1, 1, 1, 1, 1, 1, 1, 1, 1, 1, 1, 1, 1, 1, 1, 1, 1, 1, 1, 1, 1, 1, 1, 1, 1, 1, 1, 1, 1, 1, 1, 1, 1, 1, 1, 1, 1, 1, 1, 1, 1, 1, 1, 1, 1, 1, 1, 1, 1, 1, 1, 1, 1, 1, 1, 1, 1, 1, 1, 1, 1, 1, 1, 1, 1, 1, 1, 1, 1, 1, 1, 1, 1, 1, 1, 1, 1, 1, 1, 1, 1, 1, 1, 1, 1, 1, 1, 1, 1, 1, 1], 'labels': [40, 1101, 8788, 475, 314, 1101, 407, 8788, 314, 1297, 3589, 314, 1101, 973, 284, 340, 887, 314, 1101, 287, 2356, 588, 340, 338, 262, 717, 640, 50256]}
['[CLS]', '▁괜찮', '지만', '▁괜찮', '지', '▁않아', '▁익', '숙', '하다고', '▁혼', '잣', '말', '했지만', '▁늘', '▁처음', '인', '▁것처럼', '▁아', '파', '[SEP]', '[PAD]', '[PAD]', '[PAD]', '[PAD]', '[PAD]', '[PAD]', '[PAD]', '[PAD]', '[PAD]', '[PAD]', '[PAD]', '[PAD]', '[PAD]', '[PAD]', '[PAD]', '[PAD]', '[PAD]', '[PAD]', '[PAD]', '[PAD]', '[PAD]', '[PAD]', '[PAD]', '[PAD]', '[PAD]', '[PAD]', '[PAD]', '[PAD]', '[PAD]', '[PAD]', '[PAD]', '[PAD]', '[PAD]', '[PAD]', '[PAD]', '[PAD]', '[PAD]', '[PAD]', '[PAD]', '[PAD]', '[PAD]', '[PAD]', '[PAD]', '[PAD]', '[PAD]', '[PAD]', '[PAD]', '[PAD]', '[PAD]', '[PAD]', '[PAD]', '[PAD]', '[PAD]', '[PAD]', '[PAD]', '[PAD]', '[PAD]', '[PAD]', '[PAD]', '[PAD]', '[PAD]', '[PAD]', '[PAD]', '[PAD]', '[PAD]', '[PAD]', '[PAD]', '[PAD]', '[PAD]', '[PAD]', '[PAD]', '[PAD]', '[PAD]', '[PAD]', '[PAD]', '[PAD]', '[PAD]', '[PAD]', '[PAD]', '[PAD]', '[PAD]', '[PAD]', '[PAD]', '[PAD]', '[PAD]', '[PAD]', '[PAD]', '[PAD]', '[PAD]', '[PAD]', '[PAD]', '[PAD]', '[PAD]', '[PAD]', '[PAD]', '[PAD]', '[PAD]', '[PAD]', '[PAD]', '[PAD]', '[PAD]', '[PAD]', '[PAD]', '[PAD]', '[PAD]', '[PAD]', '[PAD]', '[PAD]', '[PAD]', '[PAD]', '[PAD]', '[PAD]', '[PAD]', '[PAD]', '[PAD]', '[PAD]', '[PAD]', '[PAD]', '[PAD]', '[PAD]', '[PAD]', '[PAD]', '[PAD]', '[PAD]', '[PAD]', '[PAD]', '[PAD]', '[PAD]', '[PAD]', '[PAD]', '[PAD]', '[PAD]', '[PAD]', '[PAD]', '[PAD]', '[PAD]', '[PAD]', '[PAD]', '[PAD]', '[PAD]', '[PAD]', '[PAD]', '[PAD]', '[PAD]', '[PAD]', '[PAD]', '[PAD]', '[PAD]', '[PAD]', '[PAD]', '[PAD]', '[PAD]', '[PAD]', '[PAD]', '[PAD]', '[PAD]', '[PAD]', '[PAD]', '[PAD]', '[PAD]', '[PAD]', '[PAD]', '[PAD]', '[PAD]', '[PAD]', '[PAD]', '[PAD]', '[PAD]', '[PAD]', '[PAD]', '[PAD]', '[PAD]', '[PAD]', '[PAD]', '[PAD]', '[PAD]', '[PAD]', '[PAD]', '[PAD]', '[PAD]', '[PAD]', '[PAD]', '[PAD]', '[PAD]', '[PAD]', '[PAD]', '[PAD]', '[PAD]', '[PAD]', '[PAD]', '[PAD]', '[PAD]', '[PAD]', '[PAD]', '[PAD]', '[PAD]', '[PAD]', '[PAD]', '[PAD]', '[PAD]', '[PAD]', '[PAD]', '[PAD]', '[PAD]', '[PAD]', '[PAD]', '[PAD]', '[PAD]', '[PAD]', '[PAD]', '[PAD]', '[PAD]', '[PAD]', '[PAD]', '[PAD]', '[PAD]', '[PAD]', '[PAD]', '[PAD]', '[PAD]', '[PAD]', '[PAD]', '[PAD]', '[PAD]', '[PAD]', '[PAD]', '[PAD]', '[PAD]', '[PAD]', '[PAD]', '[PAD]', '[PAD]', '[PAD]', '[PAD]', '[PAD]', '[PAD]', '[PAD]', '[PAD]', '[PAD]', '[PAD]', '[PAD]', '[PAD]', '[PAD]', '[PAD]', '[PAD]', '[PAD]', '[PAD]', '[PAD]', '[PAD]', '[PAD]', '[PAD]', '[PAD]', '[PAD]', '[PAD]', '[PAD]', '[PAD]', '[PAD]', '[PAD]', '[PAD]', '[PAD]', '[PAD]', '[PAD]', '[PAD]', '[PAD]', '[PAD]', '[PAD]', '[PAD]', '[PAD]', '[PAD]', '[PAD]', '[PAD]', '[PAD]', '[PAD]', '[PAD]', '[PAD]', '[PAD]', '[PAD]', '[PAD]', '[PAD]', '[PAD]', '[PAD]', '[PAD]', '[PAD]', '[PAD]', '[PAD]', '[PAD]', '[PAD]', '[PAD]', '[PAD]', '[PAD]', '[PAD]', '[PAD]', '[PAD]', '[PAD]', '[PAD]', '[PAD]', '[PAD]', '[PAD]', '[PAD]', '[PAD]', '[PAD]', '[PAD]', '[PAD]', '[PAD]', '[PAD]', '[PAD]', '[PAD]', '[PAD]', '[PAD]', '[PAD]', '[PAD]', '[PAD]', '[PAD]', '[PAD]', '[PAD]', '[PAD]', '[PAD]', '[PAD]', '[PAD]', '[PAD]', '[PAD]', '[PAD]', '[PAD]', '[PAD]', '[PAD]', '[PAD]', '[PAD]', '[PAD]', '[PAD]', '[PAD]', '[PAD]', '[PAD]', '[PAD]', '[PAD]', '[PAD]', '[PAD]', '[PAD]', '[PAD]', '[PAD]', '[PAD]', '[PAD]', '[PAD]', '[PAD]', '[PAD]', '[PAD]', '[PAD]', '[PAD]', '[PAD]', '[PAD]', '[PAD]', '[PAD]', '[PAD]', '[PAD]', '[PAD]', '[PAD]', '[PAD]', '[PAD]', '[PAD]', '[PAD]', '[PAD]', '[PAD]', '[PAD]', '[PAD]', '[PAD]', '[PAD]', '[PAD]', '[PAD]', '[PAD]', '[PAD]', '[PAD]', '[PAD]', '[PAD]', '[PAD]', '[PAD]', '[PAD]', '[PAD]', '[PAD]', '[PAD]', '[PAD]', '[PAD]', '[PAD]', '[PAD]', '[PAD]', '[PAD]', '[PAD]', '[PAD]', '[PAD]', '[PAD]', '[PAD]', '[PAD]', '[PAD]', '[PAD]', '[PAD]', '[PAD]', '[PAD]', '[PAD]', '[PAD]', '[PAD]', '[PAD]', '[PAD]', '[PAD]', '[PAD]', '[PAD]', '[PAD]', '[PAD]', '[PAD]', '[PAD]', '[PAD]', '[PAD]', '[PAD]', '[PAD]', '[PAD]', '[PAD]', '[PAD]', '[PAD]', '[PAD]', '[PAD]', '[PAD]', '[PAD]', '[PAD]', '[PAD]', '[PAD]', '[PAD]', '[PAD]', '[PAD]', '[PAD]', '[PAD]', '[PAD]', '[PAD]', '[PAD]', '[PAD]', '[PAD]', '[PAD]', '[PAD]', '[PAD]', '[PAD]', '[PAD]', '[PAD]', '[PAD]', '[PAD]', '[PAD]', '[PAD]', '[PAD]', '[PAD]', '[PAD]', '[PAD]', '[PAD]', '[PAD]', '[PAD]', '[PAD]', '[PAD]', '[PAD]', '[PAD]', '[PAD]', '[PAD]', '[PAD]', '[PAD]', '[PAD]', '[PAD]', '[PAD]', '[PAD]', '[PAD]', '[PAD]', '[PAD]', '[PAD]', '[PAD]', '[PAD]', '[PAD]', '[PAD]', '[PAD]', '[PAD]', '[PAD]', '[PAD]', '[PAD]', '[PAD]', '[PAD]', '[PAD]', '[PAD]', '[PAD]', '[PAD]', '[PAD]', '[PAD]', '[PAD]', '[PAD]', '[PAD]', '[PAD]', '[PAD]', '[PAD]', '[PAD]', '[PAD]', '[PAD]', '[PAD]']
['I', "'m", 'Ġokay', 'Ġbut', 'ĠI', "'m", 'Ġnot', 'Ġokay', 'ĠI', 'Ġtold', 'Ġmyself', 'ĠI', "'m", 'Ġused', 'Ġto', 'Ġit', 'ĠBut', 'ĠI', "'m", 'Ġin', 'Ġpain', 'Ġlike', 'Ġit', "'s", 'Ġthe', 'Ġfirst', 'Ġtime', '<|endoftext|>']
Traceback (most recent call last):
  File "/usr/local/lib/python3.7/dist-packages/IPython/core/interactiveshell.py", line 2882, in run_code
    exec(code_obj, self.user_global_ns, self.user_ns)
  File "<ipython-input-17-5ff75233115c>", line 2, in <module>
    trainer.train()
  File "/usr/local/lib/python3.7/dist-packages/transformers/trainer.py", line 1427, in train
    and (torch.isnan(tr_loss_step) or torch.isinf(tr_loss_step))
KeyboardInterrupt
During handling of the above exception, another exception occurred:
Traceback (most recent call last):
  File "/usr/local/lib/python3.7/dist-packages/IPython/core/interactiveshell.py", line 1823, in showtraceback
    stb = value._render_traceback_()
AttributeError: 'KeyboardInterrupt' object has no attribute '_render_traceback_'
During handling of the above exception, another exception occurred:
Traceback (most recent call last):
  File "/usr/local/lib/python3.7/dist-packages/IPython/core/ultratb.py", line 1132, in get_records
    return _fixed_getinnerframes(etb, number_of_lines_of_context, tb_offset)
  File "/usr/local/lib/python3.7/dist-packages/IPython/core/ultratb.py", line 313, in wrapped
    return f(*args, **kwargs)
  File "/usr/local/lib/python3.7/dist-packages/IPython/core/ultratb.py", line 358, in _fixed_getinnerframes
    records = fix_frame_records_filenames(inspect.getinnerframes(etb, context))
  File "/usr/lib/python3.7/inspect.py", line 1502, in getinnerframes
    frameinfo = (tb.tb_frame,) + getframeinfo(tb, context)
  File "/usr/lib/python3.7/inspect.py", line 1460, in getframeinfo
    filename = getsourcefile(frame) or getfile(frame)
  File "/usr/lib/python3.7/inspect.py", line 696, in getsourcefile
    if getattr(getmodule(object, filename), '__loader__', None) is not None:
  File "/usr/lib/python3.7/inspect.py", line 742, in getmodule
    os.path.realpath(f)] = module.__name__
  File "/usr/lib/python3.7/posixpath.py", line 395, in realpath
    path, ok = _joinrealpath(filename[:0], filename, {})
  File "/usr/lib/python3.7/posixpath.py", line 428, in _joinrealpath
    newpath = join(path, name)
  File "/usr/lib/python3.7/posixpath.py", line 87, in join
    if b.startswith(sep):
KeyboardInterrupt
Using amp half precision backend
/usr/local/lib/python3.7/dist-packages/transformers/optimization.py:309: FutureWarning: This implementation of AdamW is deprecated and will be removed in a future version. Use the PyTorch implementation torch.optim.AdamW instead, or set `no_deprecation_warning=True` to disable this warning
  FutureWarning,
***** Running training *****
  Num examples = 16839
  Num Epochs = 10
  Instantaneous batch size per device = 4
  Total train batch size (w. parallel, distributed & accumulation) = 4
  Gradient Accumulation steps = 1
  Total optimization steps = 42100
Automatic Weights & Biases logging enabled, to disable set os.environ["WANDB_DISABLED"] = "true"
/usr/local/lib/python3.7/dist-packages/transformers/models/encoder_decoder/modeling_encoder_decoder.py:530: FutureWarning: Version v4.12.0 introduces a better way to train encoder-decoder models by computing the loss inside the encoder-decoder framework rather than in the decoder itself. You may observe training discrepancies if fine-tuning a model trained with versions anterior to 4.12.0. The decoder_input_ids are now created based on the labels, no need to pass them yourself anymore.
  warnings.warn(DEPRECATION_WARNING, FutureWarning)
ERROR:root:Internal Python error in the inspect module.
Below is the traceback from this internal error.